testEnv1/build/outputs/logs/manifest-merger-release-report.txt
-- Merging decision tree log ---
permission#com.shikk.test1.permission.JPUSH_MESSAGE
INJECTED from src/main/AndroidManifest.xml:6:5-8:47
	android:protectionLevel
		ADDED from src/main/AndroidManifest.xml:8:9-44
	android:name
		INJECTED from src/main/AndroidManifest.xml
		ADDED from src/main/AndroidManifest.xml:7:9-65
uses-permission#com.shikk.test1.permission.JPUSH_MESSAGE
INJECTED from src/main/AndroidManifest.xml:11:5-81
	android:name
		INJECTED from src/main/AndroidManifest.xml
		ADDED from src/main/AndroidManifest.xml:11:22-78
category#com.shikk.test1
INJECTED from src/main/AndroidManifest.xml:75:17-61
INJECTED from src/main/AndroidManifest.xml:109:17-61
INJECTED from src/main/AndroidManifest.xml:128:17-61
INJECTED from src/main/AndroidManifest.xml:165:17-61
INJECTED from src/main/AndroidManifest.xml:176:17-70
INJECTED from src/main/AndroidManifest.xml:187:17-61
	android:name
		INJECTED from src/main/AndroidManifest.xml
		INJECTED from src/main/AndroidManifest.xml
		INJECTED from src/main/AndroidManifest.xml
		INJECTED from src/main/AndroidManifest.xml
		INJECTED from src/main/AndroidManifest.xml
		INJECTED from src/main/AndroidManifest.xml
		ADDED from src/main/AndroidManifest.xml:75:27-58
provider#cn.jpush.android.service.DataProvider
INJECTED from src/main/AndroidManifest.xml:94:9-99:11
	android:process
		ADDED from src/main/AndroidManifest.xml:97:13-40
	android:authorities
		INJECTED from src/main/AndroidManifest.xml
		ADDED from src/main/AndroidManifest.xml:95:13-64
	android:exported
		ADDED from src/main/AndroidManifest.xml:98:13-37
	android:name
		ADDED from src/main/AndroidManifest.xml:96:13-65
provider#cn.jpush.android.service.DownloadProvider
INJECTED from src/main/AndroidManifest.xml:115:9-119:11
	android:authorities
		INJECTED from src/main/AndroidManifest.xml
		ADDED from src/main/AndroidManifest.xml:116:13-68
	android:exported
		ADDED from src/main/AndroidManifest.xml:118:13-36
	android:name
		ADDED from src/main/AndroidManifest.xml:117:13-69
meta-data#JPUSH_CHANNEL
INJECTED from src/main/AndroidManifest.xml:237:9-83
	android:value
		INJECTED from src/main/AndroidManifest.xml
		ADDED from src/main/AndroidManifest.xml:237:49-81
	android:name
		ADDED from src/main/AndroidManifest.xml:237:20-48
meta-data#JPUSH_APPKEY
INJECTED from src/main/AndroidManifest.xml:238:9-82
	android:value
		INJECTED from src/main/AndroidManifest.xml
		ADDED from src/main/AndroidManifest.xml:238:48-79
	android:name
		ADDED from src/main/AndroidManifest.xml:238:20-47
manifest
ADDED from src/main/AndroidManifest.xml:2:1-241:12
INJECTED from src/main/AndroidManifest.xml:2:1-241:12
INJECTED from src/main/AndroidManifest.xml:2:1-241:12
INJECTED from src/main/AndroidManifest.xml:2:1-241:12
MERGED from [cn.jiguang.sdk.plugin:xiaomi:3.6.0] AndroidManifest.xml:2:1-75:12
INJECTED from src/main/AndroidManifest.xml:2:1-241:12
INJECTED from src/main/AndroidManifest.xml:2:1-241:12
INJECTED from src/main/AndroidManifest.xml:2:1-241:12
	package
		ADDED from src/main/AndroidManifest.xml:4:5-36
		INJECTED from src/main/AndroidManifest.xml
		INJECTED from src/main/AndroidManifest.xml
	android:versionName
		INJECTED from src/main/AndroidManifest.xml
		ADDED from src/main/AndroidManifest.xml:2:1-241:12
		INJECTED from src/main/AndroidManifest.xml
	xmlns:tools
		ADDED from src/main/AndroidManifest.xml:3:5-51
	android:versionCode
		INJECTED from src/main/AndroidManifest.xml
		ADDED from src/main/AndroidManifest.xml:2:1-241:12
		INJECTED from src/main/AndroidManifest.xml
	xmlns:android
		ADDED from src/main/AndroidManifest.xml:2:11-69
uses-permission#android.permission.RECEIVE_USER_PRESENT
ADDED from src/main/AndroidManifest.xml:12:5-79
	android:name
		ADDED from src/main/AndroidManifest.xml:12:22-76
uses-permission#android.permission.INTERNET
ADDED from src/main/AndroidManifest.xml:13:5-67
	android:name
		ADDED from src/main/AndroidManifest.xml:13:22-64
uses-permission#android.permission.READ_PHONE_STATE
ADDED from src/main/AndroidManifest.xml:14:5-75
	android:name
		ADDED from src/main/AndroidManifest.xml:14:22-72
uses-permission#android.permission.WRITE_EXTERNAL_STORAGE
ADDED from src/main/AndroidManifest.xml:15:5-81
	android:name
		ADDED from src/main/AndroidManifest.xml:15:22-78
uses-permission#android.permission.READ_EXTERNAL_STORAGE
ADDED from src/main/AndroidManifest.xml:16:5-80
	android:name
		ADDED from src/main/AndroidManifest.xml:16:22-77
uses-permission#android.permission.MOUNT_UNMOUNT_FILESYSTEMS
ADDED from src/main/AndroidManifest.xml:17:5-84
	android:name
		ADDED from src/main/AndroidManifest.xml:17:22-81
uses-permission#android.permission.ACCESS_NETWORK_STATE
ADDED from src/main/AndroidManifest.xml:18:5-79
	android:name
		ADDED from src/main/AndroidManifest.xml:18:22-76
uses-permission#android.permission.ACCESS_WIFI_STATE
ADDED from src/main/AndroidManifest.xml:19:5-76
	android:name
		ADDED from src/main/AndroidManifest.xml:19:22-73
uses-permission#android.permission.VIBRATE
ADDED from src/main/AndroidManifest.xml:24:5-66
	android:name
		ADDED from src/main/AndroidManifest.xml:24:22-63
uses-permission#android.permission.SYSTEM_ALERT_WINDOW
ADDED from src/main/AndroidManifest.xml:25:5-78
	android:name
		ADDED from src/main/AndroidManifest.xml:25:22-75
uses-permission#android.permission.ACCESS_COARSE_LOCATION
ADDED from src/main/AndroidManifest.xml:26:5-81
	android:name
		ADDED from src/main/AndroidManifest.xml:26:22-78
uses-permission#android.permission.CHANGE_WIFI_STATE
ADDED from src/main/AndroidManifest.xml:27:5-76
	android:name
		ADDED from src/main/AndroidManifest.xml:27:22-73
uses-permission#android.permission.ACCESS_FINE_LOCATION
ADDED from src/main/AndroidManifest.xml:28:5-79
	android:name
		ADDED from src/main/AndroidManifest.xml:28:22-76
uses-permission#android.permission.ACCESS_BACKGROUND_LOCATION
ADDED from src/main/AndroidManifest.xml:29:5-85
	android:name
		ADDED from src/main/AndroidManifest.xml:29:22-82
uses-permission#android.permission.ACCESS_LOCATION_EXTRA_COMMANDS
ADDED from src/main/AndroidManifest.xml:30:5-89
	android:name
		ADDED from src/main/AndroidManifest.xml:30:22-86
uses-permission#android.permission.CHANGE_NETWORK_STATE
ADDED from src/main/AndroidManifest.xml:31:5-79
	android:name
		ADDED from src/main/AndroidManifest.xml:31:22-76
uses-permission#android.permission.GET_TASKS
ADDED from src/main/AndroidManifest.xml:32:5-68
	android:name
		ADDED from src/main/AndroidManifest.xml:32:22-65
application
ADDED from src/main/AndroidManifest.xml:34:5-240:19
MERGED from [cn.jiguang.sdk.plugin:xiaomi:3.6.0] AndroidManifest.xml:17:5-73:19
MERGED from [cn.jiguang.sdk.plugin:xiaomi:3.6.0] AndroidManifest.xml:17:5-73:19
	android:label
		ADDED from src/main/AndroidManifest.xml:36:9-41
	android:testOnly
		ADDED from src/main/AndroidManifest.xml:37:9-33
	android:icon
		ADDED from src/main/AndroidManifest.xml:35:9-45
	android:name
		ADDED from src/main/AndroidManifest.xml:38:9-64
activity#com.example.jpushdemo.MainActivity
ADDED from src/main/AndroidManifest.xml:41:9-48:20
	android:label
		ADDED from src/main/AndroidManifest.xml:43:13-45
	android:name
		ADDED from src/main/AndroidManifest.xml:42:13-62
intent-filter#action:name:android.intent.action.MAIN+category:name:android.intent.category.LAUNCHER
ADDED from src/main/AndroidManifest.xml:44:13-47:29
action#android.intent.action.MAIN
ADDED from src/main/AndroidManifest.xml:45:17-69
	android:name
		ADDED from src/main/AndroidManifest.xml:45:25-66
category#android.intent.category.LAUNCHER
ADDED from src/main/AndroidManifest.xml:46:17-77
	android:name
		ADDED from src/main/AndroidManifest.xml:46:27-74
activity#com.example.jpushdemo.PushSetActivity
ADDED from src/main/AndroidManifest.xml:50:8-115
	android:label
		ADDED from src/main/AndroidManifest.xml:50:71-103
	android:name
		ADDED from src/main/AndroidManifest.xml:50:18-70
activity#com.example.jpushdemo.SettingActivity
ADDED from src/main/AndroidManifest.xml:52:8-115
	android:label
		ADDED from src/main/AndroidManifest.xml:52:71-103
	android:name
		ADDED from src/main/AndroidManifest.xml:52:18-70
activity#com.example.jpushdemo.TestActivity
ADDED from src/main/AndroidManifest.xml:54:9-59:20
	android:exported
		ADDED from src/main/AndroidManifest.xml:54:69-93
	android:name
		ADDED from src/main/AndroidManifest.xml:54:19-68
intent-filter#action:name:jpush.testAction+category:name:jpush.testCategory
ADDED from src/main/AndroidManifest.xml:55:13-58:29
action#jpush.testAction
ADDED from src/main/AndroidManifest.xml:56:17-59
	android:name
		ADDED from src/main/AndroidManifest.xml:56:25-56
category#jpush.testCategory
ADDED from src/main/AndroidManifest.xml:57:17-63
	android:name
		ADDED from src/main/AndroidManifest.xml:57:27-60
activity#cn.jpush.android.ui.PopWinActivity
ADDED from src/main/AndroidManifest.xml:62:9-65:20
	android:theme
		ADDED from src/main/AndroidManifest.xml:64:13-49
	android:name
		ADDED from src/main/AndroidManifest.xml:63:13-62
activity#cn.jpush.android.ui.PushActivity
ADDED from src/main/AndroidManifest.xml:68:9-77:20
	android:configChanges
		ADDED from src/main/AndroidManifest.xml:70:13-63
	android:theme
		ADDED from src/main/AndroidManifest.xml:71:13-60
	android:name
		ADDED from src/main/AndroidManifest.xml:69:13-60
intent-filter#action:name:cn.jpush.android.ui.PushActivity+category:name:android.intent.category.DEFAULT+category:name:com.shikk.test1
ADDED from src/main/AndroidManifest.xml:72:13-76:29
action#cn.jpush.android.ui.PushActivity
ADDED from src/main/AndroidManifest.xml:73:17-75
	android:name
		ADDED from src/main/AndroidManifest.xml:73:25-72
category#android.intent.category.DEFAULT
ADDED from src/main/AndroidManifest.xml:74:17-76
	android:name
		ADDED from src/main/AndroidManifest.xml:74:27-73
service#cn.jpush.android.service.PushService
ADDED from src/main/AndroidManifest.xml:81:9-91:19
	android:process
		ADDED from src/main/AndroidManifest.xml:83:13-40
	android:exported
		ADDED from src/main/AndroidManifest.xml:84:13-37
	android:name
		ADDED from src/main/AndroidManifest.xml:82:13-64
intent-filter#action:name:cn.jpush.android.intent.PUSH_TIME+action:name:cn.jpush.android.intent.PushService+action:name:cn.jpush.android.intent.REGISTER+action:name:cn.jpush.android.intent.REPORT
ADDED from src/main/AndroidManifest.xml:85:13-90:29
action#cn.jpush.android.intent.REGISTER
ADDED from src/main/AndroidManifest.xml:86:17-75
	android:name
		ADDED from src/main/AndroidManifest.xml:86:25-72
action#cn.jpush.android.intent.REPORT
ADDED from src/main/AndroidManifest.xml:87:17-73
	android:name
		ADDED from src/main/AndroidManifest.xml:87:25-70
action#cn.jpush.android.intent.PushService
ADDED from src/main/AndroidManifest.xml:88:17-78
	android:name
		ADDED from src/main/AndroidManifest.xml:88:25-75
action#cn.jpush.android.intent.PUSH_TIME
ADDED from src/main/AndroidManifest.xml:89:17-76
	android:name
		ADDED from src/main/AndroidManifest.xml:89:25-73
service#cn.jpush.android.service.DaemonService
ADDED from src/main/AndroidManifest.xml:103:9-112:19
	android:enabled
		ADDED from src/main/AndroidManifest.xml:105:13-35
	android:exported
		ADDED from src/main/AndroidManifest.xml:106:13-36
	android:name
		ADDED from src/main/AndroidManifest.xml:104:13-66
intent-filter#action:name:cn.jpush.android.intent.DaemonService+category:name:com.shikk.test1
ADDED from src/main/AndroidManifest.xml:107:13-110:29
action#cn.jpush.android.intent.DaemonService
ADDED from src/main/AndroidManifest.xml:108:17-80
	android:name
		ADDED from src/main/AndroidManifest.xml:108:25-77
receiver#cn.jpush.android.service.PushReceiver
ADDED from src/main/AndroidManifest.xml:122:9-141:20
	android:enabled
		ADDED from src/main/AndroidManifest.xml:124:13-35
	android:exported
		ADDED from src/main/AndroidManifest.xml:125:13-37
	android:name
		ADDED from src/main/AndroidManifest.xml:123:13-65
intent-filter#action:name:cn.jpush.android.intent.NOTIFICATION_RECEIVED_PROXY+category:name:com.shikk.test1
ADDED from src/main/AndroidManifest.xml:126:13-129:29
	android:priority
		ADDED from src/main/AndroidManifest.xml:126:28-51
action#cn.jpush.android.intent.NOTIFICATION_RECEIVED_PROXY
ADDED from src/main/AndroidManifest.xml:127:17-94
	android:name
		ADDED from src/main/AndroidManifest.xml:127:25-91
intent-filter#action:name:android.intent.action.USER_PRESENT+action:name:android.net.conn.CONNECTIVITY_CHANGE
ADDED from src/main/AndroidManifest.xml:130:13-133:29
action#android.intent.action.USER_PRESENT
ADDED from src/main/AndroidManifest.xml:131:17-77
	android:name
		ADDED from src/main/AndroidManifest.xml:131:25-74
action#android.net.conn.CONNECTIVITY_CHANGE
ADDED from src/main/AndroidManifest.xml:132:17-79
	android:name
		ADDED from src/main/AndroidManifest.xml:132:25-76
intent-filter#action:name:android.intent.action.PACKAGE_ADDED+action:name:android.intent.action.PACKAGE_REMOVED+data:scheme:package
ADDED from src/main/AndroidManifest.xml:135:13-140:29
action#android.intent.action.PACKAGE_ADDED
ADDED from src/main/AndroidManifest.xml:136:17-78
	android:name
		ADDED from src/main/AndroidManifest.xml:136:25-75
action#android.intent.action.PACKAGE_REMOVED
ADDED from src/main/AndroidManifest.xml:137:17-80
	android:name
		ADDED from src/main/AndroidManifest.xml:137:25-77
data
ADDED from src/main/AndroidManifest.xml:139:17-50
	android:scheme
		ADDED from src/main/AndroidManifest.xml:139:23-47
receiver#cn.jpush.android.service.AlarmReceiver
ADDED from src/main/AndroidManifest.xml:144:9-99
	android:exported
		ADDED from src/main/AndroidManifest.xml:144:73-97
	android:name
		ADDED from src/main/AndroidManifest.xml:144:19-72
receiver#cn.jpush.android.service.SchedulerReceiver
ADDED from src/main/AndroidManifest.xml:148:9-103
	android:exported
		ADDED from src/main/AndroidManifest.xml:148:77-101
	android:name
		ADDED from src/main/AndroidManifest.xml:148:19-76
receiver#com.example.jpushdemo.MyReceiver
ADDED from src/main/AndroidManifest.xml:155:9-167:20
	android:enabled
		ADDED from src/main/AndroidManifest.xml:158:13-35
	android:exported
		ADDED from src/main/AndroidManifest.xml:157:13-37
	android:name
		ADDED from src/main/AndroidManifest.xml:156:13-60
intent-filter#action:name:cn.jpush.android.intent.CONNECTION+action:name:cn.jpush.android.intent.MESSAGE_RECEIVED+action:name:cn.jpush.android.intent.NOTIFICATION_OPENED+action:name:cn.jpush.android.intent.NOTIFICATION_RECEIVED+action:name:cn.jpush.android.intent.REGISTRATION+category:name:com.shikk.test1
ADDED from src/main/AndroidManifest.xml:159:13-166:29
action#cn.jpush.android.intent.REGISTRATION
ADDED from src/main/AndroidManifest.xml:160:17-79
	android:name
		ADDED from src/main/AndroidManifest.xml:160:25-76
action#cn.jpush.android.intent.MESSAGE_RECEIVED
ADDED from src/main/AndroidManifest.xml:161:17-83
	android:name
		ADDED from src/main/AndroidManifest.xml:161:25-80
action#cn.jpush.android.intent.NOTIFICATION_RECEIVED
ADDED from src/main/AndroidManifest.xml:162:17-88
	android:name
		ADDED from src/main/AndroidManifest.xml:162:25-85
action#cn.jpush.android.intent.NOTIFICATION_OPENED
ADDED from src/main/AndroidManifest.xml:163:17-86
	android:name
		ADDED from src/main/AndroidManifest.xml:163:25-83
action#cn.jpush.android.intent.CONNECTION
ADDED from src/main/AndroidManifest.xml:164:17-77
	android:name
		ADDED from src/main/AndroidManifest.xml:164:25-74
receiver#com.example.jpushdemo.PushMessageReceiver
ADDED from src/main/AndroidManifest.xml:173:9-178:20
	android:name
		ADDED from src/main/AndroidManifest.xml:173:19-75
intent-filter#action:name:cn.jpush.android.intent.RECEIVE_MESSAGE+category:name:com.shikk.test1
ADDED from src/main/AndroidManifest.xml:174:13-177:29
action#cn.jpush.android.intent.RECEIVE_MESSAGE
ADDED from src/main/AndroidManifest.xml:175:17-82
	android:name
		ADDED from src/main/AndroidManifest.xml:175:25-79
activity#cn.jpush.android.service.JNotifyActivity
ADDED from src/main/AndroidManifest.xml:181:9-189:20
	android:theme
		ADDED from src/main/AndroidManifest.xml:184:13-72
	android:taskAffinity
		ADDED from src/main/AndroidManifest.xml:183:13-48
	android:name
		ADDED from src/main/AndroidManifest.xml:182:13-68
intent-filter#action:name:cn.jpush.android.intent.JNotifyActivity+category:name:com.shikk.test1
ADDED from src/main/AndroidManifest.xml:185:13-188:29
action#cn.jpush.android.intent.JNotifyActivity
ADDED from src/main/AndroidManifest.xml:186:17-82
	android:name
		ADDED from src/main/AndroidManifest.xml:186:25-79
service#cn.jpush.android.service.PluginHuaweiPlatformsService
ADDED from src/main/AndroidManifest.xml:192:9-199:19
	tools:node
		ADDED from src/main/AndroidManifest.xml:195:13-33
	android:exported
		ADDED from src/main/AndroidManifest.xml:194:13-37
	android:name
		ADDED from src/main/AndroidManifest.xml:193:13-81
intent-filter#action:name:com.huawei.push.action.MESSAGING_EVENT
ADDED from src/main/AndroidManifest.xml:196:13-198:29
action#com.huawei.push.action.MESSAGING_EVENT
ADDED from src/main/AndroidManifest.xml:197:17-81
	android:name
		ADDED from src/main/AndroidManifest.xml:197:25-78
service#cn.jpush.android.service.PluginFCMMessagingService
ADDED from src/main/AndroidManifest.xml:201:9-205:19
	android:name
		ADDED from src/main/AndroidManifest.xml:201:18-83
intent-filter#action:name:com.google.firebase.MESSAGING_EVENT
ADDED from src/main/AndroidManifest.xml:202:13-204:29
action#com.google.firebase.MESSAGING_EVENT
ADDED from src/main/AndroidManifest.xml:203:17-77
	android:name
		ADDED from src/main/AndroidManifest.xml:203:25-75
service#cn.jpush.android.service.PluginFCMInstanceIdService
ADDED from src/main/AndroidManifest.xml:206:9-210:19
	android:name
		ADDED from src/main/AndroidManifest.xml:206:18-84
intent-filter#action:name:com.google.firebase.INSTANCE_ID_EVENT
ADDED from src/main/AndroidManifest.xml:207:13-209:29
action#com.google.firebase.INSTANCE_ID_EVENT
ADDED from src/main/AndroidManifest.xml:208:17-79
	android:name
		ADDED from src/main/AndroidManifest.xml:208:25-77
service#com.example.jpushdemo.PushService
ADDED from src/main/AndroidManifest.xml:215:9-220:19
	android:process
		ADDED from src/main/AndroidManifest.xml:216:13-40
	android:name
		ADDED from src/main/AndroidManifest.xml:215:18-66
intent-filter#action:name:cn.jiguang.user.service.action
ADDED from src/main/AndroidManifest.xml:217:13-219:29
action#cn.jiguang.user.service.action
ADDED from src/main/AndroidManifest.xml:218:17-73
	android:name
		ADDED from src/main/AndroidManifest.xml:218:25-70
service#com.example.jpushdemo.AccountAuthenticatorService
ADDED from src/main/AndroidManifest.xml:222:9-231:19
	android:exported
		ADDED from src/main/AndroidManifest.xml:224:13-37
	android:name
		ADDED from src/main/AndroidManifest.xml:223:13-56
intent-filter#action:name:android.accounts.AccountAuthenticator
ADDED from src/main/AndroidManifest.xml:225:13-227:29
action#android.accounts.AccountAuthenticator
ADDED from src/main/AndroidManifest.xml:226:17-80
	android:name
		ADDED from src/main/AndroidManifest.xml:226:25-77
meta-data#android.accounts.AccountAuthenticator
ADDED from src/main/AndroidManifest.xml:228:13-230:65
	android:resource
		ADDED from src/main/AndroidManifest.xml:230:17-62
	android:name
		ADDED from src/main/AndroidManifest.xml:229:17-69
receiver#cn.jpush.android.asus.AsusPushMessageReceiver
ADDED from src/main/AndroidManifest.xml:234:9-91
	android:name
		ADDED from src/main/AndroidManifest.xml:234:19-79
uses-sdk
INJECTED from src/main/AndroidManifest.xml reason: use-sdk injection requested
INJECTED from src/main/AndroidManifest.xml
INJECTED from src/main/AndroidManifest.xml
MERGED from [cn.jiguang.sdk.plugin:xiaomi:3.6.0] AndroidManifest.xml:7:5-9:41
MERGED from [cn.jiguang.sdk.plugin:xiaomi:3.6.0] AndroidManifest.xml:7:5-9:41
INJECTED from src/main/AndroidManifest.xml
INJECTED from src/main/AndroidManifest.xml
	android:targetSdkVersion
		INJECTED from src/main/AndroidManifest.xml
		ADDED from src/main/AndroidManifest.xml
		INJECTED from src/main/AndroidManifest.xml
	android:minSdkVersion
		INJECTED from src/main/AndroidManifest.xml
		ADDED from src/main/AndroidManifest.xml
		INJECTED from src/main/AndroidManifest.xml
permission#${JPUSH_PKGNAME}.permission.MIPUSH_RECEIVE
ADDED from [cn.jiguang.sdk.plugin:xiaomi:3.6.0] AndroidManifest.xml:11:5-13:47
	android:protectionLevel
		ADDED from [cn.jiguang.sdk.plugin:xiaomi:3.6.0] AndroidManifest.xml:13:9-44
	android:name
		ADDED from [cn.jiguang.sdk.plugin:xiaomi:3.6.0] AndroidManifest.xml:12:9-66
permission#com.shikk.test1.permission.MIPUSH_RECEIVE
ADDED from [cn.jiguang.sdk.plugin:xiaomi:3.6.0] AndroidManifest.xml:11:5-13:47
	android:protectionLevel
		ADDED from [cn.jiguang.sdk.plugin:xiaomi:3.6.0] AndroidManifest.xml:13:9-44
	android:name
		ADDED from [cn.jiguang.sdk.plugin:xiaomi:3.6.0] AndroidManifest.xml:12:9-66
uses-permission#${JPUSH_PKGNAME}.permission.MIPUSH_RECEIVE
ADDED from [cn.jiguang.sdk.plugin:xiaomi:3.6.0] AndroidManifest.xml:15:5-82
	android:name
		ADDED from [cn.jiguang.sdk.plugin:xiaomi:3.6.0] AndroidManifest.xml:15:22-79
uses-permission#com.shikk.test1.permission.MIPUSH_RECEIVE
ADDED from [cn.jiguang.sdk.plugin:xiaomi:3.6.0] AndroidManifest.xml:15:5-82
	android:name
		ADDED from [cn.jiguang.sdk.plugin:xiaomi:3.6.0] AndroidManifest.xml:15:22-79
meta-data#XIAOMI_APPID
ADDED from [cn.jiguang.sdk.plugin:xiaomi:3.6.0] AndroidManifest.xml:18:9-20:47
	android:value
		ADDED from [cn.jiguang.sdk.plugin:xiaomi:3.6.0] AndroidManifest.xml:20:13-44
	android:name
		ADDED from [cn.jiguang.sdk.plugin:xiaomi:3.6.0] AndroidManifest.xml:19:13-40
meta-data#XIAOMI_APPKEY
ADDED from [cn.jiguang.sdk.plugin:xiaomi:3.6.0] AndroidManifest.xml:21:9-23:48
	android:value
		ADDED from [cn.jiguang.sdk.plugin:xiaomi:3.6.0] AndroidManifest.xml:23:13-45
	android:name
		ADDED from [cn.jiguang.sdk.plugin:xiaomi:3.6.0] AndroidManifest.xml:22:13-41
service#com.xiaomi.push.service.XMJobService
ADDED from [cn.jiguang.sdk.plugin:xiaomi:3.6.0] AndroidManifest.xml:25:9-30:46
	android:process
		ADDED from [cn.jiguang.sdk.plugin:xiaomi:3.6.0] AndroidManifest.xml:30:13-43
	android:enabled
		ADDED from [cn.jiguang.sdk.plugin:xiaomi:3.6.0] AndroidManifest.xml:27:13-35
	android:exported
		ADDED from [cn.jiguang.sdk.plugin:xiaomi:3.6.0] AndroidManifest.xml:28:13-37
	android:permission
		ADDED from [cn.jiguang.sdk.plugin:xiaomi:3.6.0] AndroidManifest.xml:29:13-69
	android:name
		ADDED from [cn.jiguang.sdk.plugin:xiaomi:3.6.0] AndroidManifest.xml:26:13-64
service#com.xiaomi.push.service.XMPushService
ADDED from [cn.jiguang.sdk.plugin:xiaomi:3.6.0] AndroidManifest.xml:31:9-34:46
	android:process
		ADDED from [cn.jiguang.sdk.plugin:xiaomi:3.6.0] AndroidManifest.xml:34:13-43
	android:enabled
		ADDED from [cn.jiguang.sdk.plugin:xiaomi:3.6.0] AndroidManifest.xml:33:13-35
	android:name
		ADDED from [cn.jiguang.sdk.plugin:xiaomi:3.6.0] AndroidManifest.xml:32:13-65
service#com.xiaomi.mipush.sdk.PushMessageHandler
ADDED from [cn.jiguang.sdk.plugin:xiaomi:3.6.0] AndroidManifest.xml:35:9-38:39
	android:enabled
		ADDED from [cn.jiguang.sdk.plugin:xiaomi:3.6.0] AndroidManifest.xml:37:13-35
	android:exported
		ADDED from [cn.jiguang.sdk.plugin:xiaomi:3.6.0] AndroidManifest.xml:38:13-36
	android:name
		ADDED from [cn.jiguang.sdk.plugin:xiaomi:3.6.0] AndroidManifest.xml:36:13-68
service#com.xiaomi.mipush.sdk.MessageHandleService
ADDED from [cn.jiguang.sdk.plugin:xiaomi:3.6.0] AndroidManifest.xml:39:9-41:38
	android:enabled
		ADDED from [cn.jiguang.sdk.plugin:xiaomi:3.6.0] AndroidManifest.xml:41:13-35
	android:name
		ADDED from [cn.jiguang.sdk.plugin:xiaomi:3.6.0] AndroidManifest.xml:40:13-70
receiver#com.xiaomi.push.service.receivers.NetworkStatusReceiver
ADDED from [cn.jiguang.sdk.plugin:xiaomi:3.6.0] AndroidManifest.xml:43:9-51:20
	android:exported
		ADDED from [cn.jiguang.sdk.plugin:xiaomi:3.6.0] AndroidManifest.xml:45:13-36
	android:name
		ADDED from [cn.jiguang.sdk.plugin:xiaomi:3.6.0] AndroidManifest.xml:44:13-83
intent-filter#action:name:android.net.conn.CONNECTIVITY_CHANGE+category:name:android.intent.category.DEFAULT
ADDED from [cn.jiguang.sdk.plugin:xiaomi:3.6.0] AndroidManifest.xml:46:13-50:29
receiver#com.xiaomi.push.service.receivers.PingReceiver
ADDED from [cn.jiguang.sdk.plugin:xiaomi:3.6.0] AndroidManifest.xml:52:9-59:20
	android:process
		ADDED from [cn.jiguang.sdk.plugin:xiaomi:3.6.0] AndroidManifest.xml:55:13-43
	android:exported
		ADDED from [cn.jiguang.sdk.plugin:xiaomi:3.6.0] AndroidManifest.xml:54:13-37
	android:name
		ADDED from [cn.jiguang.sdk.plugin:xiaomi:3.6.0] AndroidManifest.xml:53:13-74
intent-filter#action:name:com.xiaomi.push.PING_TIMER
ADDED from [cn.jiguang.sdk.plugin:xiaomi:3.6.0] AndroidManifest.xml:56:13-58:29
action#com.xiaomi.push.PING_TIMER
ADDED from [cn.jiguang.sdk.plugin:xiaomi:3.6.0] AndroidManifest.xml:57:17-69
	android:name
		ADDED from [cn.jiguang.sdk.plugin:xiaomi:3.6.0] AndroidManifest.xml:57:25-66
receiver#cn.jpush.android.service.PluginXiaomiPlatformsReceiver
ADDED from [cn.jiguang.sdk.plugin:xiaomi:3.6.0] AndroidManifest.xml:60:9-72:20
	android:exported
		ADDED from [cn.jiguang.sdk.plugin:xiaomi:3.6.0] AndroidManifest.xml:62:13-36
	android:name
		ADDED from [cn.jiguang.sdk.plugin:xiaomi:3.6.0] AndroidManifest.xml:61:13-82
intent-filter#action:name:com.xiaomi.mipush.RECEIVE_MESSAGE
ADDED from [cn.jiguang.sdk.plugin:xiaomi:3.6.0] AndroidManifest.xml:63:13-65:29
action#com.xiaomi.mipush.RECEIVE_MESSAGE
ADDED from [cn.jiguang.sdk.plugin:xiaomi:3.6.0] AndroidManifest.xml:64:17-76
	android:name
		ADDED from [cn.jiguang.sdk.plugin:xiaomi:3.6.0] AndroidManifest.xml:64:25-73
intent-filter#action:name:com.xiaomi.mipush.MESSAGE_ARRIVED
ADDED from [cn.jiguang.sdk.plugin:xiaomi:3.6.0] AndroidManifest.xml:66:13-68:29
action#com.xiaomi.mipush.MESSAGE_ARRIVED
ADDED from [cn.jiguang.sdk.plugin:xiaomi:3.6.0] AndroidManifest.xml:67:17-76
	android:name
		ADDED from [cn.jiguang.sdk.plugin:xiaomi:3.6.0] AndroidManifest.xml:67:25-73
intent-filter#action:name:com.xiaomi.mipush.ERROR
ADDED from [cn.jiguang.sdk.plugin:xiaomi:3.6.0] AndroidManifest.xml:69:13-71:29
action#com.xiaomi.mipush.ERROR
ADDED from [cn.jiguang.sdk.plugin:xiaomi:3.6.0] AndroidManifest.xml:70:17-66
	android:name
		ADDED from [cn.jiguang.sdk.plugin:xiaomi:3.6.0] AndroidManifest.xml:70:25-63